{
  "RSpec": {
    "coverage": {
      "/media/pitago/WIN/Users/pitago/Documents/rails_projects/Nhom12_K57CA/app/helpers/application_helper.rb": [
        1,
        null
      ],
      "/media/pitago/WIN/Users/pitago/Documents/rails_projects/Nhom12_K57CA/app/helpers/draw_helper.rb": [
        1,
        null
      ],
      "/media/pitago/WIN/Users/pitago/Documents/rails_projects/Nhom12_K57CA/app/helpers/mindmap_helper.rb": [
        1,
        null
      ],
      "/media/pitago/WIN/Users/pitago/Documents/rails_projects/Nhom12_K57CA/app/helpers/user_helper.rb": [
        1,
        null
      ],
      "/media/pitago/WIN/Users/pitago/Documents/rails_projects/Nhom12_K57CA/app/helpers/users_helper.rb": [
        1,
        null
      ],
      "/media/pitago/WIN/Users/pitago/Documents/rails_projects/Nhom12_K57CA/app/controllers/draw_controller.rb": [
        1,
        1,
        null,
        null
      ],
      "/media/pitago/WIN/Users/pitago/Documents/rails_projects/Nhom12_K57CA/app/controllers/application_controller.rb": [
        1,
        1,
        1,
        0,
        null,
        1,
        null,
        null,
        null,
        1,
        null
      ],
      "/media/pitago/WIN/Users/pitago/Documents/rails_projects/Nhom12_K57CA/app/controllers/mindmap_controller.rb": [
        1,
        1,
        null,
        null,
        1,
        null,
        null,
        1,
        null,
        null,
        1,
        null,
        null,
        1,
        null,
        null
      ],
      "/media/pitago/WIN/Users/pitago/Documents/rails_projects/Nhom12_K57CA/app/models/user.rb": [
        1,
        1,
        1,
        null,
        1,
        1,
        null,
        null,
        null
      ],
      "/media/pitago/WIN/Users/pitago/Documents/rails_projects/Nhom12_K57CA/app/controllers/users_controller.rb": [
        1,
        1,
        6,
        null,
        null,
        1,
        2,
        null,
        null,
        1,
        2,
        2,
        null,
        1,
        null,
        null,
        null,
        1,
        4,
        null,
        null,
        1,
        2,
        null,
        null,
        null,
        null,
        1,
        2,
        2,
        2,
        1,
        1,
        null,
        1,
        null,
        null,
        2,
        1,
        1,
        null,
        1,
        1,
        null,
        null,
        null,
        1,
        1,
        4,
        null,
        null,
        null
      ],
      "/media/pitago/WIN/Users/pitago/Documents/rails_projects/Nhom12_K57CA/app/controllers/sessions_controller.rb": [
        1,
        1,
        null,
        null,
        null,
        1,
        4,
        4,
        3,
        3,
        null,
        1,
        1,
        null,
        null,
        null,
        null
      ]
    },
    "timestamp": 1398467341
  }
}
