{
  "RSpec": {
    "coverage": {
      "C:/Users/thuynt_57/Desktop/Nhom12_K57CA/app/helpers/application_helper.rb": [
        1,
        null,
        1,
        44,
        44,
        0,
        null,
        44,
        null,
        null,
        null
      ],
      "C:/Users/thuynt_57/Desktop/Nhom12_K57CA/app/helpers/draw_helper.rb": [
        1,
        null
      ],
      "C:/Users/thuynt_57/Desktop/Nhom12_K57CA/app/helpers/mindmap_helper.rb": [
        1,
        null
      ],
      "C:/Users/thuynt_57/Desktop/Nhom12_K57CA/app/helpers/sessions_helper.rb": [
        1,
        1,
        7,
        7,
        7,
        7,
        null,
        null,
        1,
        44,
        null,
        null,
        1,
        9,
        null,
        null,
        1,
        90,
        90,
        null,
        null,
        1,
        2,
        null,
        2,
        2,
        null,
        null
      ],
      "C:/Users/thuynt_57/Desktop/Nhom12_K57CA/app/helpers/static_pages_helper.rb": [
        1,
        null
      ],
      "C:/Users/thuynt_57/Desktop/Nhom12_K57CA/app/helpers/user_helper.rb": [
        1,
        null
      ],
      "C:/Users/thuynt_57/Desktop/Nhom12_K57CA/app/helpers/users_helper.rb": [
        1,
        null,
        1,
        8,
        8,
        8,
        8,
        null,
        null,
        null
      ],
      "C:/Users/thuynt_57/Desktop/Nhom12_K57CA/app/models/user.rb": [
        1,
        22,
        1,
        null,
        1,
        null,
        1,
        1,
        1,
        1,
        null,
        1,
        20,
        null,
        null,
        1,
        110,
        null,
        null,
        1,
        1,
        11,
        null,
        null
      ],
      "C:/Users/thuynt_57/Desktop/Nhom12_K57CA/app/controllers/static_pages_controller.rb": [
        1,
        1,
        null,
        null
      ],
      "C:/Users/thuynt_57/Desktop/Nhom12_K57CA/app/controllers/application_controller.rb": [
        1,
        1,
        1,
        null
      ],
      "C:/Users/thuynt_57/Desktop/Nhom12_K57CA/app/controllers/users_controller.rb": [
        1,
        1,
        0,
        null,
        null,
        1,
        6,
        null,
        null,
        1,
        5,
        5,
        2,
        2,
        2,
        null,
        3,
        null,
        null,
        null,
        1,
        8,
        null,
        null,
        1,
        2,
        null,
        null,
        1,
        2,
        2,
        2,
        1,
        1,
        null,
        1,
        null,
        null,
        2,
        1,
        1,
        null,
        1,
        1,
        null,
        null,
        null,
        1,
        1,
        7,
        null,
        null,
        null
      ],
      "C:/Users/thuynt_57/Desktop/Nhom12_K57CA/app/controllers/sessions_controller.rb": [
        1,
        1,
        null,
        null,
        1,
        6,
        6,
        5,
        5,
        5,
        null,
        1,
        1,
        null,
        null,
        null,
        1,
        2,
        2,
        null,
        null,
        null
      ]
    },
    "timestamp": 1399329989
  },
  "Cucumber Features": {
    "coverage": {
      "C:/Users/thuynt_57/Desktop/Nhom12_K57CA-master/app/helpers/application_helper.rb": [
        1,
        null,
        1,
        0,
        0,
        0,
        null,
        0,
        null,
        null,
        null
      ],
      "C:/Users/thuynt_57/Desktop/Nhom12_K57CA-master/app/helpers/sessions_helper.rb": [
        1,
        1,
        0,
        0,
        0,
        0,
        null,
        null,
        1,
        0,
        null,
        null,
        1,
        0,
        null,
        null,
        1,
        0,
        0,
        null,
        null,
        null
      ],
      "C:/Users/thuynt_57/Desktop/Nhom12_K57CA-master/app/helpers/static_pages_helper.rb": [
        1,
        null
      ],
      "C:/Users/thuynt_57/Desktop/Nhom12_K57CA-master/app/helpers/users_helper.rb": [
        1,
        null,
        1,
        0,
        0,
        0,
        0,
        null,
        null,
        null
      ],
      "C:/Users/thuynt_57/Desktop/Nhom12_K57CA-master/app/models/user.rb": [
        1,
        2,
        1,
        null,
        1,
        null,
        1,
        1,
        1,
        1,
        null,
        1,
        1,
        null,
        null,
        1,
        1,
        null,
        null,
        1,
        1,
        1,
        null,
        null
      ],
      "C:/Users/thuynt_57/Desktop/Nhom12_K57CA-master/app/controllers/static_pages_controller.rb": [
        1,
        0,
        null,
        null
      ],
      "C:/Users/thuynt_57/Desktop/Nhom12_K57CA-master/app/controllers/application_controller.rb": [
        1,
        1,
        0,
        0,
        null
      ]
    },
    "timestamp": 1399262354
  }
}
